{"name": " -- @1.4 ", "status": "broken", "statusDetails": {"message": "selenium.common.exceptions.NoSuchElementException: Message: no such element: Unable to locate element: {\"method\":\"xpath\",\"selector\":\"//input[@type=\"text\"]\"}\n  (Session info: chrome=107.0.5304.88)\n\n", "trace": "  File \"C:\\Users\\SNEHA\\AppData\\Local\\Programs\\Python\\Python310\\lib\\site-packages\\behave\\model.py\", line 1329, in run\n    match.run(runner.context)\n  File \"C:\\Users\\SNEHA\\AppData\\Local\\Programs\\Python\\Python310\\lib\\site-packages\\behave\\matchers.py\", line 98, in run\n    self.func(context, *args, **kwargs)\n  File \"steps\\sports.py\", line 68, in enter_name\n    context.driver.find_element(\"xpath\", '//input[@type=\"text\"]').send_keys(name)\n  File \"C:\\Users\\SNEHA\\AppData\\Local\\Programs\\Python\\Python310\\lib\\site-packages\\selenium\\webdriver\\remote\\webdriver.py\", line 976, in find_element\n    return self.execute(Command.FIND_ELEMENT, {\n  File \"C:\\Users\\SNEHA\\AppData\\Local\\Programs\\Python\\Python310\\lib\\site-packages\\selenium\\webdriver\\remote\\webdriver.py\", line 321, in execute\n    self.error_handler.check_response(response)\n  File \"C:\\Users\\SNEHA\\AppData\\Local\\Programs\\Python\\Python310\\lib\\site-packages\\selenium\\webdriver\\remote\\errorhandler.py\", line 242, in check_response\n    raise exception_class(message, screen, stacktrace)\n"}, "steps": [{"name": "Given user should able to launch chrome browser", "status": "passed", "start": 1667378306932, "stop": 1667378335241}, {"name": "Then user should select the location", "status": "passed", "start": 1667378335241, "stop": 1667378335496}, {"name": "When user should click on the location", "status": "passed", "start": 1667378335496, "stop": 1667378336194}, {"name": "Then user should able to click on  sports page", "status": "passed", "start": 1667378336195, "stop": 1667378394113}, {"name": "And user should click on dreamhack", "status": "passed", "start": 1667378394114, "stop": 1667378549484}, {"name": "Then user should click on book", "status": "passed", "start": 1667378549484, "stop": 1667378550017}, {"name": "Then user should select the time", "status": "passed", "start": 1667378550017, "stop": 1667378550185}, {"name": "And user should click on continue", "status": "passed", "start": 1667378550186, "stop": 1667378550597}, {"name": "Then user should click on add", "status": "passed", "start": 1667378550597, "stop": 1667378550801}, {"name": "Then user should click on proceed", "status": "passed", "start": 1667378550802, "stop": 1667378550939}, {"name": "When user enter name\"shree\" into name textfield", "status": "broken", "statusDetails": {"message": "selenium.common.exceptions.NoSuchElementException: Message: no such element: Unable to locate element: {\"method\":\"xpath\",\"selector\":\"//input[@type=\"text\"]\"}\n  (Session info: chrome=107.0.5304.88)\n\n", "trace": "  File \"C:\\Users\\SNEHA\\AppData\\Local\\Programs\\Python\\Python310\\lib\\site-packages\\behave\\model.py\", line 1329, in run\n    match.run(runner.context)\n  File \"C:\\Users\\SNEHA\\AppData\\Local\\Programs\\Python\\Python310\\lib\\site-packages\\behave\\matchers.py\", line 98, in run\n    self.func(context, *args, **kwargs)\n  File \"steps\\sports.py\", line 68, in enter_name\n    context.driver.find_element(\"xpath\", '//input[@type=\"text\"]').send_keys(name)\n  File \"C:\\Users\\SNEHA\\AppData\\Local\\Programs\\Python\\Python310\\lib\\site-packages\\selenium\\webdriver\\remote\\webdriver.py\", line 976, in find_element\n    return self.execute(Command.FIND_ELEMENT, {\n  File \"C:\\Users\\SNEHA\\AppData\\Local\\Programs\\Python\\Python310\\lib\\site-packages\\selenium\\webdriver\\remote\\webdriver.py\", line 321, in execute\n    self.error_handler.check_response(response)\n  File \"C:\\Users\\SNEHA\\AppData\\Local\\Programs\\Python\\Python310\\lib\\site-packages\\selenium\\webdriver\\remote\\errorhandler.py\", line 242, in check_response\n    raise exception_class(message, screen, stacktrace)\n"}, "start": 1667378550940, "stop": 1667378561016}, {"name": "Then user enter mobileno \"9986451950\" into mobile number textfield", "status": "skipped", "start": 1667378561021, "stop": 1667378561021}, {"name": "Then user enter the email \"appu@gmail.com\" into email textfiled", "status": "skipped", "start": 1667378561021, "stop": 1667378561021}, {"name": "And user enter the age \"15\" into age textfield", "status": "skipped", "start": 1667378561021, "stop": 1667378561021}, {"name": "Then user should able to click on checkbox", "status": "skipped", "start": 1667378561021, "stop": 1667378561021}, {"name": "Then user should able to click on submit button", "status": "skipped", "start": 1667378561021, "stop": 1667378561021}, {"name": "And user should able to click on proceed to pay", "status": "skipped", "start": 1667378561021, "stop": 1667378561021}, {"name": "Then user should able to enter \"9986451950\"", "status": "skipped", "start": 1667378561021, "stop": 1667378561021}, {"name": "And user should able to click on continue button", "status": "skipped", "start": 1667378561021, "stop": 1667378561021}], "parameters": [{"name": "name", "value": "shree"}, {}, {"name": "mobileno", "value": "9986451950"}, {}, {"name": "email", "value": "appu@gmail.com"}, {}, {"name": "age", "value": "15"}], "start": 1667378306929, "stop": 1667378561021, "uuid": "041ae08d-2269-4ee1-aaab-39af7cd86238", "historyId": "ca991d9db1b405e7121d7a711090678c", "fullName": "sports: ", "labels": [{"name": "severity", "value": "normal"}, {"name": "feature", "value": "sports"}, {"name": "framework", "value": "behave"}, {"name": "language", "value": "cpython3"}]}