{"name": " -- @1.2 ", "status": "broken", "statusDetails": {"message": "selenium.common.exceptions.NoSuchElementException: Message: no such element: Unable to locate element: {\"method\":\"xpath\",\"selector\":\"//button[.='Login to Proceed']\"}\n  (Session info: chrome=107.0.5304.88)\n\n", "trace": "  File \"C:\\Users\\SNEHA\\AppData\\Local\\Programs\\Python\\Python310\\lib\\site-packages\\behave\\model.py\", line 1329, in run\n    match.run(runner.context)\n  File \"C:\\Users\\SNEHA\\AppData\\Local\\Programs\\Python\\Python310\\lib\\site-packages\\behave\\matchers.py\", line 98, in run\n    self.func(context, *args, **kwargs)\n  File \"steps\\sports.py\", line 105, in click_proceedtopay\n    context.driver.find_element(\"xpath\", \"//button[.='Login to Proceed']\").click()\n  File \"C:\\Users\\SNEHA\\AppData\\Local\\Programs\\Python\\Python310\\lib\\site-packages\\selenium\\webdriver\\remote\\webdriver.py\", line 976, in find_element\n    return self.execute(Command.FIND_ELEMENT, {\n  File \"C:\\Users\\SNEHA\\AppData\\Local\\Programs\\Python\\Python310\\lib\\site-packages\\selenium\\webdriver\\remote\\webdriver.py\", line 321, in execute\n    self.error_handler.check_response(response)\n  File \"C:\\Users\\SNEHA\\AppData\\Local\\Programs\\Python\\Python310\\lib\\site-packages\\selenium\\webdriver\\remote\\errorhandler.py\", line 242, in check_response\n    raise exception_class(message, screen, stacktrace)\n"}, "steps": [{"name": "Given user should able to launch chrome browser", "status": "passed", "start": 1667378094216, "stop": 1667378150730}, {"name": "Then user should select the location", "status": "passed", "start": 1667378150731, "stop": 1667378151037}, {"name": "When user should click on the location", "status": "passed", "start": 1667378151037, "stop": 1667378151648}, {"name": "Then user should able to click on  sports page", "status": "passed", "start": 1667378151649, "stop": 1667378160715}, {"name": "And user should click on dreamhack", "status": "passed", "start": 1667378160715, "stop": 1667378225392}, {"name": "Then user should click on book", "status": "passed", "start": 1667378225393, "stop": 1667378225792}, {"name": "Then user should select the time", "status": "passed", "start": 1667378225792, "stop": 1667378225898}, {"name": "And user should click on continue", "status": "passed", "start": 1667378225898, "stop": 1667378226254}, {"name": "Then user should click on add", "status": "passed", "start": 1667378226255, "stop": 1667378226419}, {"name": "Then user should click on proceed", "status": "passed", "start": 1667378226419, "stop": 1667378226554}, {"name": "When user enter name\"123456\" into name textfield", "status": "passed", "start": 1667378226554, "stop": 1667378236246}, {"name": "Then user enter mobileno \"9900346785\" into mobile number textfield", "status": "passed", "start": 1667378236247, "stop": 1667378236505}, {"name": "Then user enter the email \"ambika123\" into email textfiled", "status": "passed", "start": 1667378236505, "stop": 1667378236736}, {"name": "And user enter the age \"25\" into age textfield", "status": "passed", "start": 1667378236736, "stop": 1667378236948}, {"name": "Then user should able to click on checkbox", "status": "passed", "start": 1667378236948, "stop": 1667378237072}, {"name": "Then user should able to click on submit button", "status": "passed", "start": 1667378237073, "stop": 1667378237186}, {"name": "And user should able to click on proceed to pay", "status": "broken", "statusDetails": {"message": "selenium.common.exceptions.NoSuchElementException: Message: no such element: Unable to locate element: {\"method\":\"xpath\",\"selector\":\"//button[.='Login to Proceed']\"}\n  (Session info: chrome=107.0.5304.88)\n\n", "trace": "  File \"C:\\Users\\SNEHA\\AppData\\Local\\Programs\\Python\\Python310\\lib\\site-packages\\behave\\model.py\", line 1329, in run\n    match.run(runner.context)\n  File \"C:\\Users\\SNEHA\\AppData\\Local\\Programs\\Python\\Python310\\lib\\site-packages\\behave\\matchers.py\", line 98, in run\n    self.func(context, *args, **kwargs)\n  File \"steps\\sports.py\", line 105, in click_proceedtopay\n    context.driver.find_element(\"xpath\", \"//button[.='Login to Proceed']\").click()\n  File \"C:\\Users\\SNEHA\\AppData\\Local\\Programs\\Python\\Python310\\lib\\site-packages\\selenium\\webdriver\\remote\\webdriver.py\", line 976, in find_element\n    return self.execute(Command.FIND_ELEMENT, {\n  File \"C:\\Users\\SNEHA\\AppData\\Local\\Programs\\Python\\Python310\\lib\\site-packages\\selenium\\webdriver\\remote\\webdriver.py\", line 321, in execute\n    self.error_handler.check_response(response)\n  File \"C:\\Users\\SNEHA\\AppData\\Local\\Programs\\Python\\Python310\\lib\\site-packages\\selenium\\webdriver\\remote\\errorhandler.py\", line 242, in check_response\n    raise exception_class(message, screen, stacktrace)\n"}, "start": 1667378237186, "stop": 1667378247279}, {"name": "Then user should able to enter \"9900346785\"", "status": "skipped", "start": 1667378247281, "stop": 1667378247281}, {"name": "And user should able to click on continue button", "status": "skipped", "start": 1667378247281, "stop": 1667378247281}], "parameters": [{"name": "name", "value": "123456"}, {}, {"name": "mobileno", "value": "9900346785"}, {}, {"name": "email", "value": "ambika123"}, {}, {"name": "age", "value": "25"}], "start": 1667378094216, "stop": 1667378247281, "uuid": "a3ee9dea-7256-41b4-bc78-ac945c3a3de3", "historyId": "0e00f4d71e8a92df4dd605acfa4250c0", "fullName": "sports: ", "labels": [{"name": "severity", "value": "normal"}, {"name": "feature", "value": "sports"}, {"name": "framework", "value": "behave"}, {"name": "language", "value": "cpython3"}]}