{"name": " -- @1.5 ", "status": "broken", "statusDetails": {"message": "selenium.common.exceptions.NoSuchElementException: Message: no such element: Unable to locate element: {\"method\":\"xpath\",\"selector\":\"//input[@type=\"text\"]\"}\n  (Session info: chrome=107.0.5304.88)\n\n", "trace": "  File \"C:\\Users\\SNEHA\\AppData\\Local\\Programs\\Python\\Python310\\lib\\site-packages\\behave\\model.py\", line 1329, in run\n    match.run(runner.context)\n  File \"C:\\Users\\SNEHA\\AppData\\Local\\Programs\\Python\\Python310\\lib\\site-packages\\behave\\matchers.py\", line 98, in run\n    self.func(context, *args, **kwargs)\n  File \"steps\\sports.py\", line 68, in enter_name\n    context.driver.find_element(\"xpath\", '//input[@type=\"text\"]').send_keys(name)\n  File \"C:\\Users\\SNEHA\\AppData\\Local\\Programs\\Python\\Python310\\lib\\site-packages\\selenium\\webdriver\\remote\\webdriver.py\", line 976, in find_element\n    return self.execute(Command.FIND_ELEMENT, {\n  File \"C:\\Users\\SNEHA\\AppData\\Local\\Programs\\Python\\Python310\\lib\\site-packages\\selenium\\webdriver\\remote\\webdriver.py\", line 321, in execute\n    self.error_handler.check_response(response)\n  File \"C:\\Users\\SNEHA\\AppData\\Local\\Programs\\Python\\Python310\\lib\\site-packages\\selenium\\webdriver\\remote\\errorhandler.py\", line 242, in check_response\n    raise exception_class(message, screen, stacktrace)\n"}, "steps": [{"name": "Given user should able to launch chrome browser", "status": "passed", "start": 1667378561032, "stop": 1667378594496}, {"name": "Then user should select the location", "status": "passed", "start": 1667378594497, "stop": 1667378708710}, {"name": "When user should click on the location", "status": "passed", "start": 1667378708711, "stop": 1667378709350}, {"name": "Then user should able to click on  sports page", "status": "passed", "start": 1667378709350, "stop": 1667378713403}, {"name": "And user should click on dreamhack", "status": "passed", "start": 1667378713404, "stop": 1667378746169}, {"name": "Then user should click on book", "status": "passed", "start": 1667378746169, "stop": 1667378746926}, {"name": "Then user should select the time", "status": "passed", "start": 1667378746926, "stop": 1667378747298}, {"name": "And user should click on continue", "status": "passed", "start": 1667378747299, "stop": 1667378747761}, {"name": "Then user should click on add", "status": "passed", "start": 1667378747762, "stop": 1667378748046}, {"name": "Then user should click on proceed", "status": "passed", "start": 1667378748047, "stop": 1667378748309}, {"name": "When user enter name\"sri\" into name textfield", "status": "broken", "statusDetails": {"message": "selenium.common.exceptions.NoSuchElementException: Message: no such element: Unable to locate element: {\"method\":\"xpath\",\"selector\":\"//input[@type=\"text\"]\"}\n  (Session info: chrome=107.0.5304.88)\n\n", "trace": "  File \"C:\\Users\\SNEHA\\AppData\\Local\\Programs\\Python\\Python310\\lib\\site-packages\\behave\\model.py\", line 1329, in run\n    match.run(runner.context)\n  File \"C:\\Users\\SNEHA\\AppData\\Local\\Programs\\Python\\Python310\\lib\\site-packages\\behave\\matchers.py\", line 98, in run\n    self.func(context, *args, **kwargs)\n  File \"steps\\sports.py\", line 68, in enter_name\n    context.driver.find_element(\"xpath\", '//input[@type=\"text\"]').send_keys(name)\n  File \"C:\\Users\\SNEHA\\AppData\\Local\\Programs\\Python\\Python310\\lib\\site-packages\\selenium\\webdriver\\remote\\webdriver.py\", line 976, in find_element\n    return self.execute(Command.FIND_ELEMENT, {\n  File \"C:\\Users\\SNEHA\\AppData\\Local\\Programs\\Python\\Python310\\lib\\site-packages\\selenium\\webdriver\\remote\\webdriver.py\", line 321, in execute\n    self.error_handler.check_response(response)\n  File \"C:\\Users\\SNEHA\\AppData\\Local\\Programs\\Python\\Python310\\lib\\site-packages\\selenium\\webdriver\\remote\\errorhandler.py\", line 242, in check_response\n    raise exception_class(message, screen, stacktrace)\n"}, "start": 1667378748310, "stop": 1667378758394}, {"name": "Then user enter mobileno \"98765432\" into mobile number textfield", "status": "skipped", "start": 1667378758396, "stop": 1667378758396}, {"name": "Then user enter the email \"sri8765@gmail.com\" into email textfiled", "status": "skipped", "start": 1667378758396, "stop": 1667378758396}, {"name": "And user enter the age \"22\" into age textfield", "status": "skipped", "start": 1667378758396, "stop": 1667378758396}, {"name": "Then user should able to click on checkbox", "status": "skipped", "start": 1667378758396, "stop": 1667378758396}, {"name": "Then user should able to click on submit button", "status": "skipped", "start": 1667378758396, "stop": 1667378758396}, {"name": "And user should able to click on proceed to pay", "status": "skipped", "start": 1667378758396, "stop": 1667378758396}, {"name": "Then user should able to enter \"98765432\"", "status": "skipped", "start": 1667378758396, "stop": 1667378758396}, {"name": "And user should able to click on continue button", "status": "skipped", "start": 1667378758396, "stop": 1667378758396}], "parameters": [{"name": "name", "value": "sri"}, {}, {"name": "mobileno", "value": "98765432"}, {}, {"name": "email", "value": "sri8765@gmail.com"}, {}, {"name": "age", "value": "22"}], "start": 1667378561029, "stop": 1667378758396, "uuid": "8412d308-1f2d-4f4e-a260-26f59ec94bb6", "historyId": "61cb9f74e736b76710da0b0806294371", "fullName": "sports: ", "labels": [{"name": "severity", "value": "normal"}, {"name": "feature", "value": "sports"}, {"name": "framework", "value": "behave"}, {"name": "language", "value": "cpython3"}]}